<?xml version="1.0" encoding="UTF-8"?>
<testng-results skipped="0" failed="0" ignored="0" total="2" passed="2">
  <reporter-output>
  </reporter-output>
  <suite name="CRUD tests" duration-ms="7642" started-at="2021-03-03T10:51:28Z" finished-at="2021-03-03T10:51:36Z">
    <groups>
    </groups>
    <test name="Verify CRUD for user" duration-ms="6110" started-at="2021-03-03T10:51:28Z" finished-at="2021-03-03T10:51:34Z">
      <class name="CRUDTests">
        <test-method status="PASS" signature="deleteEntityTest(java.lang.String)[pri:0, instance:CRUDTests@47db5fa5]" name="deleteEntityTest" duration-ms="5925" started-at="2021-03-03T10:51:28Z" finished-at="2021-03-03T10:51:34Z">
          <params>
            <param index="0">
              <value>
                <![CDATA[user]]>
              </value>
            </param>
          </params>
          <reporter-output>
          </reporter-output>
        </test-method> <!-- deleteEntityTest -->
      </class> <!-- CRUDTests -->
    </test> <!-- Verify CRUD for user -->
    <test name="Verify CRUD for Pet" duration-ms="1480" started-at="2021-03-03T10:51:34Z" finished-at="2021-03-03T10:51:36Z">
      <class name="CRUDTests">
        <test-method status="PASS" signature="setUp()[pri:0, instance:CRUDTests@47605f2f]" name="setUp" is-config="true" duration-ms="908" started-at="2021-03-03T10:51:27Z" finished-at="2021-03-03T10:51:28Z">
          <reporter-output>
          </reporter-output>
        </test-method> <!-- setUp -->
        <test-method status="PASS" signature="deleteEntityTest(java.lang.String)[pri:0, instance:CRUDTests@47605f2f]" name="deleteEntityTest" duration-ms="1467" started-at="2021-03-03T10:51:34Z" finished-at="2021-03-03T10:51:36Z">
          <params>
            <param index="0">
              <value>
                <![CDATA[pet]]>
              </value>
            </param>
          </params>
          <reporter-output>
          </reporter-output>
        </test-method> <!-- deleteEntityTest -->
      </class> <!-- CRUDTests -->
    </test> <!-- Verify CRUD for Pet -->
  </suite> <!-- CRUD tests -->
</testng-results>
